{"C:\\Users\\dell\\Desktop\\Food-app\\src\\config.js": {"path":"C:\\Users\\dell\\Desktop\\Food-app\\src\\config.js","statementMap":{"0":{"start":{"line":2,"column":2},"end":{"line":2,"column":93}},"1":{"start":{"line":5,"column":2},"end":{"line":5,"column":118}},"2":{"start":{"line":8,"column":2},"end":{"line":8,"column":89}},"3":{"start":{"line":11,"column":2},"end":{"line":11,"column":128}},"4":{"start":{"line":13,"column":26},"end":{"line":1666,"column":1}}},"fnMap":{},"branchMap":{},"s":{"0":2,"1":2,"2":2,"3":2,"4":2},"f":{},"b":{},"_coverageSchema":"1a1c01bbd47fc00a2c39e90264f33305004495a9","hash":"a25adadf4114d186acdfea6d1d979e3b85b83c25"}
,"C:\\Users\\dell\\Desktop\\Food-app\\src\\components\\Body.js": {"path":"C:\\Users\\dell\\Desktop\\Food-app\\src\\components\\Body.js","statementMap":{"0":{"start":{"line":8,"column":13},"end":{"line":78,"column":1}},"1":{"start":{"line":9,"column":44},"end":{"line":9,"column":56}},"2":{"start":{"line":10,"column":35},"end":{"line":10,"column":47}},"3":{"start":{"line":11,"column":51},"end":{"line":11,"column":63}},"4":{"start":{"line":13,"column":2},"end":{"line":15,"column":9}},"5":{"start":{"line":14,"column":4},"end":{"line":14,"column":15}},"6":{"start":{"line":18,"column":17},"end":{"line":18,"column":38}},"7":{"start":{"line":19,"column":17},"end":{"line":19,"column":34}},"8":{"start":{"line":21,"column":4},"end":{"line":21,"column":68}},"9":{"start":{"line":22,"column":4},"end":{"line":22,"column":64}},"10":{"start":{"line":25,"column":18},"end":{"line":25,"column":29}},"11":{"start":{"line":27,"column":2},"end":{"line":27,"column":70}},"12":{"start":{"line":27,"column":16},"end":{"line":27,"column":70}},"13":{"start":{"line":29,"column":2},"end":{"line":29,"column":34}},"14":{"start":{"line":29,"column":22},"end":{"line":29,"column":34}},"15":{"start":{"line":30,"column":2},"end":{"line":77,"column":4}},"16":{"start":{"line":43,"column":14},"end":{"line":43,"column":46}},"17":{"start":{"line":50,"column":27},"end":{"line":50,"column":63}},"18":{"start":{"line":51,"column":14},"end":{"line":51,"column":41}},"19":{"start":{"line":61,"column":14},"end":{"line":69,"column":16}}},"fnMap":{"0":{"name":"(anonymous_0)","decl":{"start":{"line":8,"column":13},"end":{"line":8,"column":14}},"loc":{"start":{"line":8,"column":19},"end":{"line":78,"column":1}},"line":8},"1":{"name":"(anonymous_1)","decl":{"start":{"line":13,"column":12},"end":{"line":13,"column":13}},"loc":{"start":{"line":13,"column":18},"end":{"line":15,"column":3}},"line":13},"2":{"name":"fetching","decl":{"start":{"line":17,"column":17},"end":{"line":17,"column":25}},"loc":{"start":{"line":17,"column":28},"end":{"line":23,"column":3}},"line":17},"3":{"name":"(anonymous_3)","decl":{"start":{"line":42,"column":22},"end":{"line":42,"column":23}},"loc":{"start":{"line":42,"column":33},"end":{"line":44,"column":13}},"line":42},"4":{"name":"(anonymous_4)","decl":{"start":{"line":49,"column":21},"end":{"line":49,"column":22}},"loc":{"start":{"line":49,"column":27},"end":{"line":52,"column":13}},"line":49},"5":{"name":"(anonymous_5)","decl":{"start":{"line":59,"column":33},"end":{"line":59,"column":34}},"loc":{"start":{"line":59,"column":43},"end":{"line":70,"column":13}},"line":59}},"branchMap":{"0":{"loc":{"start":{"line":27,"column":2},"end":{"line":27,"column":70}},"type":"if","locations":[{"start":{"line":27,"column":2},"end":{"line":27,"column":70}},{"start":{},"end":{}}],"line":27},"1":{"loc":{"start":{"line":29,"column":2},"end":{"line":29,"column":34}},"type":"if","locations":[{"start":{"line":29,"column":2},"end":{"line":29,"column":34}},{"start":{},"end":{}}],"line":29},"2":{"loc":{"start":{"line":30,"column":9},"end":{"line":77,"column":3}},"type":"cond-expr","locations":[{"start":{"line":31,"column":4},"end":{"line":31,"column":15}},{"start":{"line":33,"column":4},"end":{"line":76,"column":7}}],"line":30},"3":{"loc":{"start":{"line":58,"column":11},"end":{"line":73,"column":11}},"type":"cond-expr","locations":[{"start":{"line":59,"column":12},"end":{"line":70,"column":14}},{"start":{"line":72,"column":12},"end":{"line":72,"column":30}}],"line":58}},"s":{"0":2,"1":8,"2":7,"3":7,"4":7,"5":3,"6":3,"7":3,"8":3,"9":3,"10":7,"11":7,"12":0,"13":7,"14":0,"15":7,"16":1,"17":1,"18":1,"19":48},"f":{"0":8,"1":3,"2":3,"3":1,"4":1,"5":48},"b":{"0":[0,7],"1":[0,7],"2":[3,4],"3":[4,0]},"_coverageSchema":"1a1c01bbd47fc00a2c39e90264f33305004495a9","hash":"f9885c4eb906e4897368a9583ff29fa742556932"}
,"C:\\Users\\dell\\Desktop\\Food-app\\src\\components\\Header.js": {"path":"C:\\Users\\dell\\Desktop\\Food-app\\src\\components\\Header.js","statementMap":{"0":{"start":{"line":5,"column":15},"end":{"line":55,"column":1}},"1":{"start":{"line":6,"column":38},"end":{"line":6,"column":52}},"2":{"start":{"line":7,"column":20},"end":{"line":7,"column":60}},"3":{"start":{"line":7,"column":43},"end":{"line":7,"column":59}},"4":{"start":{"line":9,"column":2},"end":{"line":54,"column":4}},"5":{"start":{"line":41,"column":25},"end":{"line":41,"column":51}},"6":{"start":{"line":48,"column":25},"end":{"line":48,"column":51}}},"fnMap":{"0":{"name":"(anonymous_0)","decl":{"start":{"line":5,"column":15},"end":{"line":5,"column":16}},"loc":{"start":{"line":5,"column":21},"end":{"line":55,"column":1}},"line":5},"1":{"name":"(anonymous_1)","decl":{"start":{"line":7,"column":32},"end":{"line":7,"column":33}},"loc":{"start":{"line":7,"column":43},"end":{"line":7,"column":59}},"line":7},"2":{"name":"(anonymous_2)","decl":{"start":{"line":41,"column":19},"end":{"line":41,"column":20}},"loc":{"start":{"line":41,"column":25},"end":{"line":41,"column":51}},"line":41},"3":{"name":"(anonymous_3)","decl":{"start":{"line":48,"column":19},"end":{"line":48,"column":20}},"loc":{"start":{"line":48,"column":25},"end":{"line":48,"column":51}},"line":48}},"branchMap":{"0":{"loc":{"start":{"line":38,"column":7},"end":{"line":52,"column":7}},"type":"cond-expr","locations":[{"start":{"line":39,"column":8},"end":{"line":44,"column":17}},{"start":{"line":46,"column":8},"end":{"line":51,"column":17}}],"line":38}},"s":{"0":2,"1":2,"2":2,"3":2,"4":2,"5":0,"6":0},"f":{"0":2,"1":2,"2":0,"3":0},"b":{"0":[2,0]},"_coverageSchema":"1a1c01bbd47fc00a2c39e90264f33305004495a9","hash":"dfcbc70e71dcc22bec22fb6eda7419ce072070cc"}
,"C:\\Users\\dell\\Desktop\\Food-app\\src\\components\\RestaurantCard.js": {"path":"C:\\Users\\dell\\Desktop\\Food-app\\src\\components\\RestaurantCard.js","statementMap":{"0":{"start":{"line":3,"column":23},"end":{"line":19,"column":1}},"1":{"start":{"line":10,"column":2},"end":{"line":18,"column":4}}},"fnMap":{"0":{"name":"(anonymous_0)","decl":{"start":{"line":3,"column":23},"end":{"line":3,"column":24}},"loc":{"start":{"line":9,"column":6},"end":{"line":19,"column":1}},"line":9}},"branchMap":{},"s":{"0":2,"1":48},"f":{"0":48},"b":{},"_coverageSchema":"1a1c01bbd47fc00a2c39e90264f33305004495a9","hash":"fffb47c54df3e7693d90c62c3e894bd49208450d"}
,"C:\\Users\\dell\\Desktop\\Food-app\\src\\components\\RestaurantDetails.js": {"path":"C:\\Users\\dell\\Desktop\\Food-app\\src\\components\\RestaurantDetails.js","statementMap":{"0":{"start":{"line":8,"column":26},"end":{"line":105,"column":1}},"1":{"start":{"line":9,"column":23},"end":{"line":9,"column":34}},"2":{"start":{"line":11,"column":27},"end":{"line":11,"column":57}},"3":{"start":{"line":12,"column":19},"end":{"line":12,"column":32}},"4":{"start":{"line":13,"column":25},"end":{"line":15,"column":3}},"5":{"start":{"line":14,"column":4},"end":{"line":14,"column":30}},"6":{"start":{"line":17,"column":2},"end":{"line":104,"column":4}},"7":{"start":{"line":65,"column":18},"end":{"line":96,"column":20}},"8":{"start":{"line":82,"column":28},"end":{"line":82,"column":50}}},"fnMap":{"0":{"name":"(anonymous_0)","decl":{"start":{"line":8,"column":26},"end":{"line":8,"column":27}},"loc":{"start":{"line":8,"column":32},"end":{"line":105,"column":1}},"line":8},"1":{"name":"(anonymous_1)","decl":{"start":{"line":13,"column":25},"end":{"line":13,"column":26}},"loc":{"start":{"line":13,"column":36},"end":{"line":15,"column":3}},"line":13},"2":{"name":"(anonymous_2)","decl":{"start":{"line":64,"column":16},"end":{"line":64,"column":17}},"loc":{"start":{"line":64,"column":34},"end":{"line":97,"column":17}},"line":64},"3":{"name":"(anonymous_3)","decl":{"start":{"line":81,"column":35},"end":{"line":81,"column":36}},"loc":{"start":{"line":81,"column":41},"end":{"line":83,"column":27}},"line":81}},"branchMap":{"0":{"loc":{"start":{"line":17,"column":9},"end":{"line":104,"column":3}},"type":"cond-expr","locations":[{"start":{"line":18,"column":4},"end":{"line":18,"column":15}},{"start":{"line":20,"column":4},"end":{"line":103,"column":7}}],"line":17}},"s":{"0":1,"1":1,"2":1,"3":1,"4":1,"5":0,"6":1,"7":0,"8":0},"f":{"0":1,"1":0,"2":0,"3":0},"b":{"0":[1,0]},"_coverageSchema":"1a1c01bbd47fc00a2c39e90264f33305004495a9","hash":"84094ad3dd929f63324a286228cf24c28488c09e"}
,"C:\\Users\\dell\\Desktop\\Food-app\\src\\components\\Shimmer.js": {"path":"C:\\Users\\dell\\Desktop\\Food-app\\src\\components\\Shimmer.js","statementMap":{"0":{"start":{"line":3,"column":16},"end":{"line":23,"column":1}},"1":{"start":{"line":4,"column":2},"end":{"line":22,"column":4}},"2":{"start":{"line":14,"column":12},"end":{"line":18,"column":22}}},"fnMap":{"0":{"name":"(anonymous_0)","decl":{"start":{"line":3,"column":16},"end":{"line":3,"column":17}},"loc":{"start":{"line":3,"column":22},"end":{"line":23,"column":1}},"line":3},"1":{"name":"(anonymous_1)","decl":{"start":{"line":13,"column":15},"end":{"line":13,"column":16}},"loc":{"start":{"line":14,"column":12},"end":{"line":18,"column":22}},"line":14}},"branchMap":{},"s":{"0":2,"1":4,"2":60},"f":{"0":4,"1":60},"b":{},"_coverageSchema":"1a1c01bbd47fc00a2c39e90264f33305004495a9","hash":"3d477070d2a12abc60cbf01515a2427836a1ed09"}
,"C:\\Users\\dell\\Desktop\\Food-app\\src\\components\\Sum.js": {"path":"C:\\Users\\dell\\Desktop\\Food-app\\src\\components\\Sum.js","statementMap":{"0":{"start":{"line":1,"column":19},"end":{"line":1,"column":34}},"1":{"start":{"line":1,"column":29},"end":{"line":1,"column":34}}},"fnMap":{"0":{"name":"(anonymous_0)","decl":{"start":{"line":1,"column":19},"end":{"line":1,"column":20}},"loc":{"start":{"line":1,"column":29},"end":{"line":1,"column":34}},"line":1}},"branchMap":{},"s":{"0":1,"1":1},"f":{"0":1},"b":{},"_coverageSchema":"1a1c01bbd47fc00a2c39e90264f33305004495a9","hash":"4c784daccf16219ce01f38ee030f3c8c16de90fe"}
,"C:\\Users\\dell\\Desktop\\Food-app\\src\\components\\cartSlice.js": {"path":"C:\\Users\\dell\\Desktop\\Food-app\\src\\components\\cartSlice.js","statementMap":{"0":{"start":{"line":2,"column":18},"end":{"line":18,"column":2}},"1":{"start":{"line":9,"column":6},"end":{"line":9,"column":39}},"2":{"start":{"line":12,"column":6},"end":{"line":12,"column":44}},"3":{"start":{"line":15,"column":6},"end":{"line":15,"column":23}},"4":{"start":{"line":21,"column":52},"end":{"line":21,"column":69}}},"fnMap":{"0":{"name":"(anonymous_0)","decl":{"start":{"line":8,"column":14},"end":{"line":8,"column":15}},"loc":{"start":{"line":8,"column":33},"end":{"line":10,"column":5}},"line":8},"1":{"name":"(anonymous_1)","decl":{"start":{"line":11,"column":17},"end":{"line":11,"column":18}},"loc":{"start":{"line":11,"column":36},"end":{"line":13,"column":5}},"line":11},"2":{"name":"(anonymous_2)","decl":{"start":{"line":14,"column":15},"end":{"line":14,"column":16}},"loc":{"start":{"line":14,"column":26},"end":{"line":16,"column":5}},"line":14}},"branchMap":{},"s":{"0":3,"1":0,"2":0,"3":0,"4":3},"f":{"0":0,"1":0,"2":0},"b":{},"_coverageSchema":"1a1c01bbd47fc00a2c39e90264f33305004495a9","hash":"07dc693c75ad7b9e996cf84709a168085714b38b"}
,"C:\\Users\\dell\\Desktop\\Food-app\\src\\utils\\helper.js": {"path":"C:\\Users\\dell\\Desktop\\Food-app\\src\\utils\\helper.js","statementMap":{"0":{"start":{"line":2,"column":22},"end":{"line":4,"column":3}},"1":{"start":{"line":3,"column":4},"end":{"line":3,"column":68}},"2":{"start":{"line":6,"column":2},"end":{"line":6,"column":21}}},"fnMap":{"0":{"name":"filterdata","decl":{"start":{"line":1,"column":16},"end":{"line":1,"column":26}},"loc":{"start":{"line":1,"column":46},"end":{"line":7,"column":1}},"line":1},"1":{"name":"(anonymous_1)","decl":{"start":{"line":2,"column":36},"end":{"line":2,"column":37}},"loc":{"start":{"line":3,"column":4},"end":{"line":3,"column":68}},"line":3}},"branchMap":{},"s":{"0":1,"1":15,"2":1},"f":{"0":1,"1":15},"b":{},"_coverageSchema":"1a1c01bbd47fc00a2c39e90264f33305004495a9","hash":"5a64a9d4a16296feab60036059ce86167a4333d0"}
,"C:\\Users\\dell\\Desktop\\Food-app\\src\\utils\\store.js": {"path":"C:\\Users\\dell\\Desktop\\Food-app\\src\\utils\\store.js","statementMap":{"0":{"start":{"line":4,"column":14},"end":{"line":8,"column":2}}},"fnMap":{},"branchMap":{},"s":{"0":3},"f":{},"b":{},"_coverageSchema":"1a1c01bbd47fc00a2c39e90264f33305004495a9","hash":"3ac2ae1d8d3d896b72323804ded05b3922938b1a"}
,"C:\\Users\\dell\\Desktop\\Food-app\\src\\utils\\useNetwork.js": {"path":"C:\\Users\\dell\\Desktop\\Food-app\\src\\utils\\useNetwork.js","statementMap":{"0":{"start":{"line":3,"column":18},"end":{"line":22,"column":1}},"1":{"start":{"line":4,"column":34},"end":{"line":4,"column":48}},"2":{"start":{"line":6,"column":20},"end":{"line":8,"column":3}},"3":{"start":{"line":7,"column":4},"end":{"line":7,"column":29}},"4":{"start":{"line":9,"column":21},"end":{"line":11,"column":3}},"5":{"start":{"line":10,"column":4},"end":{"line":10,"column":30}},"6":{"start":{"line":12,"column":2},"end":{"line":20,"column":9}},"7":{"start":{"line":13,"column":4},"end":{"line":13,"column":49}},"8":{"start":{"line":14,"column":4},"end":{"line":14,"column":51}},"9":{"start":{"line":16,"column":4},"end":{"line":19,"column":6}},"10":{"start":{"line":17,"column":6},"end":{"line":17,"column":54}},"11":{"start":{"line":18,"column":6},"end":{"line":18,"column":56}},"12":{"start":{"line":21,"column":2},"end":{"line":21,"column":18}}},"fnMap":{"0":{"name":"(anonymous_0)","decl":{"start":{"line":3,"column":18},"end":{"line":3,"column":19}},"loc":{"start":{"line":3,"column":24},"end":{"line":22,"column":1}},"line":3},"1":{"name":"(anonymous_1)","decl":{"start":{"line":6,"column":20},"end":{"line":6,"column":21}},"loc":{"start":{"line":6,"column":26},"end":{"line":8,"column":3}},"line":6},"2":{"name":"(anonymous_2)","decl":{"start":{"line":9,"column":21},"end":{"line":9,"column":22}},"loc":{"start":{"line":9,"column":27},"end":{"line":11,"column":3}},"line":9},"3":{"name":"(anonymous_3)","decl":{"start":{"line":12,"column":12},"end":{"line":12,"column":13}},"loc":{"start":{"line":12,"column":18},"end":{"line":20,"column":3}},"line":12},"4":{"name":"(anonymous_4)","decl":{"start":{"line":16,"column":11},"end":{"line":16,"column":12}},"loc":{"start":{"line":16,"column":17},"end":{"line":19,"column":5}},"line":16}},"branchMap":{},"s":{"0":2,"1":7,"2":7,"3":0,"4":7,"5":0,"6":7,"7":3,"8":3,"9":3,"10":3,"11":3,"12":7},"f":{"0":7,"1":0,"2":0,"3":3,"4":3},"b":{},"_coverageSchema":"1a1c01bbd47fc00a2c39e90264f33305004495a9","hash":"1633603ea1b91f69c4209c7f7a784cdfb2fb6c55"}
,"C:\\Users\\dell\\Desktop\\Food-app\\src\\utils\\useRestaurantDetails.js": {"path":"C:\\Users\\dell\\Desktop\\Food-app\\src\\utils\\useRestaurantDetails.js","statementMap":{"0":{"start":{"line":3,"column":29},"end":{"line":22,"column":1}},"1":{"start":{"line":4,"column":50},"end":{"line":4,"column":64}},"2":{"start":{"line":5,"column":2},"end":{"line":7,"column":9}},"3":{"start":{"line":6,"column":4},"end":{"line":6,"column":20}},"4":{"start":{"line":9,"column":4},"end":{"line":19,"column":5}},"5":{"start":{"line":10,"column":19},"end":{"line":13,"column":7}},"6":{"start":{"line":14,"column":19},"end":{"line":14,"column":36}},"7":{"start":{"line":16,"column":6},"end":{"line":16,"column":37}},"8":{"start":{"line":18,"column":6},"end":{"line":18,"column":25}},"9":{"start":{"line":21,"column":2},"end":{"line":21,"column":26}}},"fnMap":{"0":{"name":"(anonymous_0)","decl":{"start":{"line":3,"column":29},"end":{"line":3,"column":30}},"loc":{"start":{"line":3,"column":43},"end":{"line":22,"column":1}},"line":3},"1":{"name":"(anonymous_1)","decl":{"start":{"line":5,"column":12},"end":{"line":5,"column":13}},"loc":{"start":{"line":5,"column":18},"end":{"line":7,"column":3}},"line":5},"2":{"name":"getrestaurant","decl":{"start":{"line":8,"column":17},"end":{"line":8,"column":30}},"loc":{"start":{"line":8,"column":33},"end":{"line":20,"column":3}},"line":8}},"branchMap":{},"s":{"0":1,"1":1,"2":1,"3":1,"4":1,"5":1,"6":0,"7":0,"8":1,"9":1},"f":{"0":1,"1":1,"2":1},"b":{},"_coverageSchema":"1a1c01bbd47fc00a2c39e90264f33305004495a9","hash":"7948e4d5545731f6ed2c63cf44630f5a4dbcae9a"}
,"C:\\Users\\dell\\Desktop\\Food-app\\src\\utils\\mocks\\DummyJson.js": {"path":"C:\\Users\\dell\\Desktop\\Food-app\\src\\utils\\mocks\\DummyJson.js","statementMap":{"0":{"start":{"line":1,"column":31},"end":{"line":3047,"column":1}},"1":{"start":{"line":3049,"column":36},"end":{"line":5325,"column":1}}},"fnMap":{},"branchMap":{},"s":{"0":2,"1":2},"f":{},"b":{},"_coverageSchema":"1a1c01bbd47fc00a2c39e90264f33305004495a9","hash":"8be42e007368b305ab689f879d8a7b1e62e7f09e"}
}
